<?xml version="1.0" encoding="UTF-8"?>
<testsuite xmlns:xsi="http://www.w3.org/2001/XMLSchema-instance" xsi:schemaLocation="https://maven.apache.org/surefire/maven-surefire-plugin/xsd/surefire-test-report.xsd" name="cvTool.testCases.LoginTest" time="10.981" tests="3" errors="0" skipped="0" failures="0">
  <properties>
[...]
</properties>
  <testcase name="LoginTest2" classname="cvTool.testCases.LoginTest" time="8.296"/>
  <testcase name="LoginTest1" classname="cvTool.testCases.LoginTest" time="8.671"/>
  <testcase name="LoginTest3" classname="cvTool.testCases.LoginTest" time="8.895"/>
</testsuite>